-1 STR
-1 ADD 00exo0jcr0root0uuid0000000000000
-1 COM
0 STR
0 COM
-1 STR
-1 CRE_IDX _0
-1 OFF_INV _0
-1 ADD_IDX _0
-1 COM
1 STR
1 ADD 99844fca7f0001013466fcd5e3a56dc6
1 COM
2 STR
2 DEL 99844fca7f0001013466fcd5e3a56dc6
2 COM
3 STR
3 ADD 99844ff67f000101642ddc4cb97422db
3 COM
4 STR
4 ADD 998450947f0001013dccf342c691cab5
4 COM
5 STR
5 DEL 99844ff67f000101642ddc4cb97422db
5 DEL 998450947f0001013dccf342c691cab5
5 COM
6 STR
6 ADD 998450aa7f0001014693c5e706bece71
6 COM
7 STR
7 ADD 998450b57f00010108fe25090edeed2f
7 COM
8 STR
8 DEL 998450b57f00010108fe25090edeed2f
8 ADD 998450b57f00010108fe25090edeed2f
8 COM
9 STR
9 DEL 998450b57f00010108fe25090edeed2f
9 DEL 998450aa7f0001014693c5e706bece71
9 COM
10 STR
10 ADD 998450c67f00010126e56328ad8ac5c7
10 COM
11 STR
11 ADD 998450d37f0001011704682240f25b2c
11 COM
12 STR
12 DEL 998450d37f0001011704682240f25b2c
12 COM
13 STR
13 DEL 998450c67f00010126e56328ad8ac5c7
13 COM
14 STR
14 ADD 998450e17f00010154bec43fe4e0a82b
14 COM
15 STR
15 ADD 998450ef7f000101428c6e045403a85c
15 COM
16 STR
16 ADD 998450ff7f0001016c74b024e9018b31
16 COM
17 STR
17 ADD 9984510f7f00010158a1a19960e2b8cb
17 COM
18 STR
18 ADD 998451297f0001012994363b6d2adeb5
18 COM
19 STR
19 DEL 998450ef7f000101428c6e045403a85c
19 DEL 9984510f7f00010158a1a19960e2b8cb
19 DEL 998450ff7f0001016c74b024e9018b31
19 DEL 998450e17f00010154bec43fe4e0a82b
19 DEL 998451297f0001012994363b6d2adeb5
19 COM
20 STR
20 ADD 9984514f7f000101504c2683d9079175
20 COM
21 STR
21 ADD 998451687f0001016cae00e338f2ef0c
21 COM
22 STR
22 ADD 9984517e7f0001011df0a2a0b6cdf6b2
22 COM
23 STR
23 DEL 9984514f7f000101504c2683d9079175
23 DEL 998451687f0001016cae00e338f2ef0c
23 DEL 9984517e7f0001011df0a2a0b6cdf6b2
23 COM
24 STR
24 ADD 998451927f00010122aed3a55056df33
24 COM
25 STR
25 DEL 998451927f00010122aed3a55056df33
25 COM
26 STR
26 ADD 998451a07f0001016a3449a851ad3a5c
26 COM
27 STR
27 ADD 998451ac7f0001011a08777c8c6427f5
27 COM
28 STR
28 ADD 998451b97f00010117aedbde0f22c652
28 COM
29 STR
29 ADD 998451c57f0001017ff1237353d862ab
29 COM
30 STR
30 DEL 998451c57f0001017ff1237353d862ab
30 DEL 998451b97f00010117aedbde0f22c652
30 DEL 998451a07f0001016a3449a851ad3a5c
30 DEL 998451ac7f0001011a08777c8c6427f5
30 COM
31 STR
31 ADD 998451ea7f0001016ff43d69fe6d7f94
31 COM
32 STR
32 ADD 998451f97f000101106258e16f3d387f
32 COM
