-1 STR
-1 ADD 00exo0jcr0system0uuid00000000000
-1 ADD 00exo0jcr0version0storage0uuid00
-1 ADD 00exo0jcr0node0types0root0uuid00
-1 ADD 998449ff7f000101213c2d7f46dd974b
-1 ADD 998449f97f000101485b78cf0cc22e94
-1 ADD 998449fb7f000101641cab185456cb06
-1 ADD 99844a027f0001014ab83be05ea6f9aa
-1 ADD 998449c87f0001015ffbc3559aa029ff
-1 ADD 998449fa7f00010163fb050cc9b3bfd9
-1 ADD 998449cc7f00010175f2edd2fbf57784
-1 ADD 998449fa7f00010156ee20febfd7e420
-1 ADD 998449fb7f0001015893bca2c9ace9d6
-1 ADD 99844a027f000101420a6d35be14ec3c
-1 ADD 998449cc7f0001012c93c4f1c3e64f5d
-1 ADD 998449fd7f00010155e29b99a463bc9b
-1 ADD 998449cd7f0001012c61ec495fd03715
-1 ADD 998449cd7f0001010d1c55bb62aeff89
-1 ADD 99844a037f0001015d85fe0c78dffd59
-1 ADD 998449fc7f000101043da850addcc727
-1 ADD 998449cd7f0001017be536d6b31da0bb
-1 ADD 99844a037f0001017e9b59a20f88b027
-1 ADD 998449fc7f00010114db38a4a5f47589
-1 ADD 998449fd7f00010105ee04fdd057917f
-1 ADD 998449cd7f0001010c4e21db316cc225
-1 ADD 998449fe7f000101534a55e5a9e82e01
-1 ADD 998449cd7f00010141e3a0ecd7cf7f9b
-1 ADD 99844a007f0001014b0e18ba6e9d21d8
-1 ADD 998449cd7f0001014858cca90a0ec165
-1 ADD 998449fe7f00010111c199191e08835a
-1 ADD 99844a017f0001015eef9f8470267edf
-1 ADD 998449cd7f0001012a509df87856caad
-1 ADD 99844a047f0001017ee41d4a3f18ff6d
-1 ADD 99844a047f000101168497f6f2dbd002
-1 ADD 998449cd7f00010157f7cdc7e5aa3a4a
-1 ADD 998449cd7f00010126d510e83ef09c36
-1 ADD 99844a017f0001017aec8784f7194cb5
-1 ADD 99844a047f0001012e67cd84b37b62b3
-1 ADD 99844a057f000101445ed85327de578a
-1 ADD 99844a097f00010149586cbd2d85d1a6
-1 ADD 99844a1b7f0001014c842d9aaa357b4a
-1 ADD 99844a097f000101622b2af308e69f81
-1 ADD 99844a067f0001017cd2b918723d7a9d
-1 ADD 99844a0c7f00010119ded4c94ee8e44d
-1 ADD 99844a067f00010171b493c6da41ebb7
-1 ADD 99844a1b7f0001015075c7443920a136
-1 ADD 99844a067f0001017f9360e7e995af67
-1 ADD 99844a067f00010119123eb0be291b59
-1 ADD 99844a097f00010147875da7a042a949
-1 ADD 99844a0a7f00010142bb04068e0e2b65
-1 ADD 99844a0c7f00010175a9883d94326fd5
-1 ADD 99844a0a7f0001014fb595f340e2e9c1
-1 ADD 99844a0d7f0001010b364dcb3f37c33d
-1 ADD 99844a0a7f0001011f22dad5cfba9150
-1 ADD 99844a077f0001011b609c132c15e71e
-1 ADD 99844a1b7f000101629ca1fba67522ef
-1 ADD 99844a0a7f00010167a1f37027f0236c
-1 ADD 99844a0b7f000101182153feb6b21816
-1 ADD 99844a1c7f000101699c9f161964741e
-1 ADD 99844a0d7f00010178cd6aa03152a09a
-1 ADD 99844a077f0001012942238404704553
-1 ADD 99844a1c7f0001013d6721bd3b2e9d89
-1 ADD 99844a0b7f0001010da2da171bdbba90
-1 ADD 99844a077f0001011b275a3452193dd2
-1 ADD 99844a1e7f0001015c0e920f9920b1cc
-1 ADD 99844a107f0001011b8d4c9a6ad30e46
-1 ADD 99844a157f00010179b0d33cd5169950
-1 ADD 99844a0e7f0001011c45ce17228614b7
-1 ADD 99844a207f0001011a3526cf4c47aa93
-1 ADD 99844a0e7f0001012424c672a1471b64
-1 ADD 99844a207f0001014f299f7efb68116c
-1 ADD 99844a0e7f00010178d23e537d1f7b16
-1 ADD 99844a157f0001014413515e60738375
-1 ADD 99844a0f7f000101135052589ef7ac0d
-1 ADD 99844a217f0001014a8d3d62780d8c0e
-1 ADD 99844a187f00010129949f785b5bfa21
-1 ADD 99844a117f00010103435ec9f98f4496
-1 ADD 99844a167f0001015b76de14e04f0575
-1 ADD 99844a117f0001013a0b2c643ddb50bc
-1 ADD 99844a167f0001014486d1da7edd5379
-1 ADD 99844a127f000101206cc2a40e56c1db
-1 ADD 99844a197f00010171d382ab6f62e2cf
-1 ADD 99844a257f000101685f1ba8d95c9bc1
-1 ADD 99844a177f0001013d89acb55408c369
-1 ADD 99844a127f00010163e5ba2454a852b2
-1 ADD 99844a057f000101633a1778c1521fa4
-1 ADD 99844a137f0001015e54777efa222224
-1 ADD 99844a257f0001013622e1774aed7eae
-1 ADD 99844a087f0001017eaa2ef2e2fdc578
-1 ADD 99844a1e7f0001017844ffb2ad170a0b
-1 ADD 99844a137f00010132b95f722800a7a4
-1 ADD 99844a257f00010124a5102797b0450e
-1 ADD 99844a2a7f0001016d4492fb8cfbd6aa
-1 ADD 99844a227f00010147e7d503d8808cad
-1 ADD 99844a237f00010174e16785c45ba6d7
-1 ADD 99844a2a7f0001010a25ef73a43a7e56
-1 ADD 99844a237f00010139a4036f3a75aa97
-1 ADD 99844a2c7f000101094f1726ae6fb1f1
-1 ADD 99844a267f00010147d978eaa3d30ecd
-1 ADD 99844a317f000101464d28c7c1433f6c
-1 ADD 99844a277f0001017d6fdcc1555faeba
-1 ADD 99844a327f0001017a9b777a2fedfed9
-1 ADD 99844a287f00010111fb24d3b2320a11
-1 ADD 99844a267f000101015d45d961b20336
-1 ADD 99844a307f00010146b44eb42c774be8
-1 ADD 99844a327f000101690ff62a4cd97079
-1 ADD 99844a297f0001014ad2efa1f9c25aa2
-1 ADD 99844a307f0001015f95ff24692e09cc
-1 ADD 99844a337f0001011f61509bb16f96f6
-1 ADD 99844a2d7f00010111c0b8a0394f8390
-1 ADD 99844a337f00010159b70f9ea829aa42
-1 ADD 99844a2e7f000101536b98c35fd7c6cd
-1 ADD 99844a2e7f00010151f88fbd3c311bfc
-1 COM
0 STR
0 COM
-1 STR
-1 CRE_IDX _0
-1 OFF_INV _0
-1 ADD_IDX _0
-1 COM
1 STR
1 ADD 99844f117f00010157f55caea5b0ad99
1 ADD 99844f117f0001017bfd25ce862f21ad
1 ADD 99844f107f0001013b961a845cd8eb9b
1 ADD 99844f127f00010174914a0aefbc7d7b
1 ADD 99844f127f0001016feb139e17e75940
1 ADD 99844f117f0001013a252a1726371e4c
1 COM
